app/build/intermediates/manifest_merge_blame_file/debug/manifest-merger-blame-debug-report.txt
1<?xml version="1.0" encoding="utf-8"?>
2<!--
3 Copyright (C) 2007 The Android Open Source Project
4
5     Licensed under the Apache License, Version 2.0 (the "License");
6     you may not use this file except in compliance with the License.
7     You may obtain a copy of the License at
8  
9          http://www.apache.org/licenses/LICENSE-2.0
10  
11     Unless required by applicable law or agreed to in writing, software
12     distributed under the License is distributed on an "AS IS" BASIS,
13     WITHOUT WARRANTIES OR CONDITIONS OF ANY KIND, either express or implied.
14     See the License for the specific language governing permissions and
15     limitations under the License.
16-->
17<!--
18 Declare the contents of this Android application. The namespace attribute 
19  brings in the Android platform namespace, and the package supplies a unique 
20  name for the application. When writing your own application, the package 
21  name must be changed from "com.example.*" to come from a domain that you 
22  own or have control over.
23-->
24<manifest xmlns:android="http://schemas.android.com/apk/res/android"
25    package="com.example.android.snake" >
26
27    <uses-sdk
28        android:minSdkVersion="24"
28-->src\main\AndroidManifest.xml
29        android:targetSdkVersion="28" />
29-->src\main\AndroidManifest.xml
30
31    <!-- Declares that the app supports devices w/o touch, such as a Google TV device -->
32    <uses-feature
32-->src\main\AndroidManifest.xml:27:3-28:32
33        android:name="android.hardware.touchscreen"
33-->src\main\AndroidManifest.xml:27:17-60
34        android:required="false" />
34-->src\main\AndroidManifest.xml:28:5-29
35
36    <supports-screens android:largeScreens="true" />
36-->src\main\AndroidManifest.xml:30:3-51
36-->src\main\AndroidManifest.xml:30:21-48
37
38    <!-- - Add the theme to the Android Manifest -->
39    <application
39-->src\main\AndroidManifest.xml:33:3-46:17
40        android:appComponentFactory="android.support.v4.app.CoreComponentFactory"
40-->[com.android.support:support-compat:28.0.0] AndroidManifest.xml:22:18-91
41        android:debuggable="true"
42        android:icon="@drawable/ic_launcher"
42-->src\main\AndroidManifest.xml:33:16-52
43        android:label="@string/app_name" >
43-->src\main\AndroidManifest.xml:33:53-85
44
45        <!-- -Add the splash screen to the manifest -->
46        <activity
46-->src\main\AndroidManifest.xml:35:5-42:16
47            android:name="com.example.android.snake.SplashActivity"
47-->src\main\AndroidManifest.xml:36:9-39
48            android:theme="@style/SplashTheme" >
48-->src\main\AndroidManifest.xml:37:9-43
49            <intent-filter>
49-->src\main\AndroidManifest.xml:38:7-41:23
50                <action android:name="android.intent.action.MAIN" />
50-->src\main\AndroidManifest.xml:39:9-61
50-->src\main\AndroidManifest.xml:39:17-58
51
52                <category android:name="android.intent.category.LAUNCHER" />
52-->src\main\AndroidManifest.xml:40:9-69
52-->src\main\AndroidManifest.xml:40:19-66
53            </intent-filter>
54        </activity>
55        <activity android:name="com.example.android.snake.Snake" />
55-->src\main\AndroidManifest.xml:44:5-39
55-->src\main\AndroidManifest.xml:44:15-36
56    </application>
57
58</manifest>